[30/Oct/2015:15:11:10 +0100] - admin C:/driveD/lab3/vhosts/admin/index.html 200 15600
[30/Oct/2015:15:11:10 +0100] - - C:/driveD/lab3/htdocs/media/road_work.jpg 200 0
[30/Oct/2015:15:27:29 +0100] - - C:/Apache24/error/HTTP_UNAUTHORIZED.html.var 401 0
[30/Oct/2015:15:27:29 +0100] - admin C:/driveD/lab3/vhosts/admin/index.html.fr 200 0
[30/Oct/2015:15:27:29 +0100] - - C:/driveD/lab3/htdocs/media/road_work.jpg 304 0
[30/Oct/2015:15:27:30 +0100] - - C:/Apache24/error/HTTP_UNAUTHORIZED.html.var 401 0
[30/Oct/2015:15:27:30 +0100] - admin C:/driveD/lab3/vhosts/admin/index.html.fr 200 0
[30/Oct/2015:15:27:30 +0100] - - C:/driveD/lab3/htdocs/media/road_work.jpg 304 0
[30/Oct/2015:15:27:31 +0100] - - C:/Apache24/error/HTTP_UNAUTHORIZED.html.var 401 0
[30/Oct/2015:15:27:31 +0100] - admin C:/driveD/lab3/vhosts/admin/index.html.fr 200 0
[30/Oct/2015:15:27:31 +0100] - - C:/driveD/lab3/htdocs/media/road_work.jpg 304 0
[30/Oct/2015:15:28:09 +0100] - - C:/Apache24/error/HTTP_UNAUTHORIZED.html.var 401 0
[30/Oct/2015:15:28:10 +0100] - - C:/Apache24/error/HTTP_UNAUTHORIZED.html.var 401 0
[30/Oct/2015:15:28:10 +0100] - admin C:/driveD/lab3/vhosts/admin/index.html.fr 304 0
[30/Oct/2015:15:32:20 +0100] - - C:/driveD/lab3/vhosts/admin/index.html.de 200 9001
[30/Oct/2015:15:32:20 +0100] - - C:/driveD/lab3/htdocs/media/road_work.jpg 200 0
[30/Oct/2015:15:33:00 +0100] - - C:/driveD/lab3/vhosts/admin/index.html.en 200 0
[30/Oct/2015:15:41:59 +0100] - - C:/driveD/lab3/vhosts/admin/server-status 200 0
[30/Oct/2015:15:47:16 +0100] - - C:/driveD/lab3/vhosts/admin/index.html.en 304 1000
[30/Oct/2015:15:47:48 +0100] - - C:/Apache24/error/HTTP_UNAUTHORIZED.html.var 401 2000
[30/Oct/2015:15:47:50 +0100] - - C:/Apache24/error/HTTP_UNAUTHORIZED.html.var 401 3000
[30/Oct/2015:15:47:50 +0100] - - C:/Apache24/error/HTTP_UNAUTHORIZED.html.var 401 2000
[30/Oct/2015:15:47:50 +0100] - - C:/Apache24/error/HTTP_UNAUTHORIZED.html.var 401 2000
[30/Oct/2015:15:47:52 +0100] - - C:/Apache24/error/HTTP_UNAUTHORIZED.html.var 401 2000
[30/Oct/2015:15:47:52 +0100] - - C:/Apache24/error/HTTP_UNAUTHORIZED.html.var 401 2000
[30/Oct/2015:15:47:53 +0100] - - C:/Apache24/error/HTTP_UNAUTHORIZED.html.var 401 3000
[30/Oct/2015:15:48:06 +0100] - - C:/Apache24/error/HTTP_UNAUTHORIZED.html.var 401 2000
[30/Oct/2015:15:48:07 +0100] - - C:/Apache24/error/HTTP_UNAUTHORIZED.html.var 401 3000
[30/Oct/2015:15:48:07 +0100] - admin C:/driveD/lab3/vhosts/admin/index.html.fr 304 0
